<?xml version="1.0" encoding="utf-8" ?>
<!DOCTYPE html PUBLIC "-//W3C//DTD XHTML 1.0 Strict//EN"
        "http://www.w3.org/TR/xhtml1/DTD/xhtml1-strict.dtd">
<html xmlns="http://www.w3.org/1999/xhtml" xml:lang="" lang="">
<head>
  <title>Test Results Report - ExploreTest</title>
  <meta http-equiv="Content-Type" content="text/html;charset=utf-8" />
  <meta name="description" content="TestNG unit test results." />
  <link href="reportng.css" rel="stylesheet" type="text/css" />
    <script type="text/javascript" src="reportng.js"></script>
</head>
<body>
<h1>ExploreTest</h1>
<p>
  Test duration: 34.093s
</p>



  <table class="resultsTable">
    <tr><th colspan="3" class="header failed">Failed Tests</th></tr>
          <tr>
        <td colspan="3" class="group">com.tk.testcases.ExploreTest</td>
      </tr>
            
<tr>
  <td class="method">
                  exploreTest
      </td>
  <td class="duration">
    22.190s
  </td>
  <td class="result">
        
    
            <div class="testOutput">
                        Click to see Screenshot
                                <a target="_blank" href=Sun_Dec_31_10_40_50_SGT_2017.jpg>Screenshot</a>
                                <br>
                                <br>
                                <a target="_blank" href=Sun_Dec_31_10_40_50_SGT_2017.jpg><img src=Sun_Dec_31_10_40_50_SGT_2017.jpg height=200 width=200></img></a>
                  </div>
    

        <a href="javascript:toggleElement('exception-0', 'block')" title="Click to expand/collapse"><b>org.openqa.selenium.ElementNotVisibleException: Element is not currently visible and so may not be interacted with<br/>
Command duration or timeout: 20.13 seconds<br/>
Build info: version: &apos;2.53.1&apos;, revision: &apos;a36b8b1cd5757287168e54b817830adce9b0158d&apos;, time: &apos;2016-06-30 19:26:09&apos;<br/>
System info: host: &apos;admin-PC&apos;, ip: &apos;192.168.2.200&apos;, os.name: &apos;Windows 7&apos;, os.arch: &apos;amd64&apos;, os.version: &apos;6.1&apos;, java.version: &apos;1.8.0_151&apos;<br/>
Driver info: org.openqa.selenium.firefox.FirefoxDriver<br/>
Capabilities [{applicationCacheEnabled=true, rotatable=false, handlesAlerts=true, databaseEnabled=true, version=46.0.1, platform=WINDOWS, nativeEvents=false, acceptSslCerts=true, webStorageEnabled=true, locationContextEnabled=true, browserName=firefox, takesScreenshot=true, javascriptEnabled=true, cssSelectorsEnabled=true}]<br/>
Session ID: be6baa2a-7385-4bb4-bfd6-297bb22ba5d2</b></a><br />
    <div class="stackTrace" id="exception-0">
              sun.reflect.NativeConstructorAccessorImpl.newInstance0(Native Method)<br />
              sun.reflect.NativeConstructorAccessorImpl.newInstance(Unknown Source)<br />
              sun.reflect.DelegatingConstructorAccessorImpl.newInstance(Unknown Source)<br />
              java.lang.reflect.Constructor.newInstance(Unknown Source)<br />
              org.openqa.selenium.remote.ErrorHandler.createThrowable(ErrorHandler.java:206)<br />
              org.openqa.selenium.remote.ErrorHandler.throwIfResponseFailed(ErrorHandler.java:158)<br />
              org.openqa.selenium.remote.RemoteWebDriver.execute(RemoteWebDriver.java:678)<br />
              org.openqa.selenium.remote.RemoteWebElement.execute(RemoteWebElement.java:327)<br />
              org.openqa.selenium.remote.RemoteWebElement.click(RemoteWebElement.java:85)<br />
              com.tk.testcases.ExploreTest.exploreTest(ExploreTest.java:20)<br />
              sun.reflect.NativeMethodAccessorImpl.invoke0(Native Method)<br />
              sun.reflect.NativeMethodAccessorImpl.invoke(Unknown Source)<br />
              sun.reflect.DelegatingMethodAccessorImpl.invoke(Unknown Source)<br />
              java.lang.reflect.Method.invoke(Unknown Source)<br />
              org.testng.internal.MethodInvocationHelper.invokeMethod(MethodInvocationHelper.java:108)<br />
              org.testng.internal.Invoker.invokeMethod(Invoker.java:661)<br />
              org.testng.internal.Invoker.invokeTestMethod(Invoker.java:869)<br />
              org.testng.internal.Invoker.invokeTestMethods(Invoker.java:1193)<br />
              org.testng.internal.TestMethodWorker.invokeTestMethods(TestMethodWorker.java:126)<br />
              org.testng.internal.TestMethodWorker.run(TestMethodWorker.java:109)<br />
              org.testng.TestRunner.privateRun(TestRunner.java:744)<br />
              org.testng.TestRunner.run(TestRunner.java:602)<br />
              org.testng.SuiteRunner.runTest(SuiteRunner.java:380)<br />
              org.testng.SuiteRunner.runSequentially(SuiteRunner.java:375)<br />
              org.testng.SuiteRunner.privateRun(SuiteRunner.java:340)<br />
              org.testng.SuiteRunner.run(SuiteRunner.java:289)<br />
              org.testng.SuiteRunnerWorker.runSuite(SuiteRunnerWorker.java:52)<br />
              org.testng.SuiteRunnerWorker.run(SuiteRunnerWorker.java:86)<br />
              org.testng.TestNG.runSuitesSequentially(TestNG.java:1301)<br />
              org.testng.TestNG.runSuitesLocally(TestNG.java:1226)<br />
              org.testng.TestNG.runSuites(TestNG.java:1144)<br />
              org.testng.TestNG.run(TestNG.java:1115)<br />
              org.apache.maven.surefire.testng.TestNGExecutor.run(TestNGExecutor.java:295)<br />
              org.apache.maven.surefire.testng.TestNGXmlTestSuite.execute(TestNGXmlTestSuite.java:84)<br />
              org.apache.maven.surefire.testng.TestNGProvider.invoke(TestNGProvider.java:90)<br />
              org.apache.maven.surefire.booter.ForkedBooter.invokeProviderInSameClassLoader(ForkedBooter.java:203)<br />
              org.apache.maven.surefire.booter.ForkedBooter.runSuitesInProcess(ForkedBooter.java:155)<br />
              org.apache.maven.surefire.booter.ForkedBooter.main(ForkedBooter.java:103)<br />
                    <b>Caused by: </b> <a href="javascript:toggleElement('exception-1', 'block')" title="Click to expand/collapse">org.openqa.selenium.ElementNotVisibleException: Element is not currently visible and so may not be interacted with<br/>
Build info: version: &apos;2.53.1&apos;, revision: &apos;a36b8b1cd5757287168e54b817830adce9b0158d&apos;, time: &apos;2016-06-30 19:26:09&apos;<br/>
System info: host: &apos;admin-PC&apos;, ip: &apos;192.168.2.200&apos;, os.name: &apos;Windows 7&apos;, os.arch: &apos;amd64&apos;, os.version: &apos;6.1&apos;, java.version: &apos;1.8.0_151&apos;<br/>
Driver info: driver.version: unknown</a><br />
        <div class="stackTrace" id="exception-1">
                      &lt;anonymous class&gt;.fxdriver.preconditions.visible(file:///C:/Users/admin/AppData/Local/Temp/anonymous3240379985435450869webdriver-profile/extensions/fxdriver@googlecode.com/components/command-processor.js:10092)<br />
                      &lt;anonymous class&gt;.DelayedCommand.prototype.checkPreconditions_(file:///C:/Users/admin/AppData/Local/Temp/anonymous3240379985435450869webdriver-profile/extensions/fxdriver@googlecode.com/components/command-processor.js:12644)<br />
                      &lt;anonymous class&gt;.DelayedCommand.prototype.executeInternal_/h(file:///C:/Users/admin/AppData/Local/Temp/anonymous3240379985435450869webdriver-profile/extensions/fxdriver@googlecode.com/components/command-processor.js:12661)<br />
                      &lt;anonymous class&gt;.fxdriver.Timer.prototype.setTimeout/&lt;.notify(file:///C:/Users/admin/AppData/Local/Temp/anonymous3240379985435450869webdriver-profile/extensions/fxdriver@googlecode.com/components/command-processor.js:625)<br />
                  </div>
          </div>
      </td>
</tr>
      </table>


  
</body>
</html>
